Arguments: 
  /usr/local/bin/node /usr/share/yarn/bin/yarn.js

PATH: 
  /usr/local/sbin:/usr/local/bin:/usr/sbin:/usr/bin:/sbin:/bin:/usr/games:/usr/local/games:/c/PROGRA~1/ConEmu/ConEmu/wsl:/c/Program Files/ConEmu/ConEmu/Scripts:/c/Program Files/ConEmu:/c/Program Files/ConEmu/ConEmu:/c/Program Files/Docker/Docker/resources/bin:/c/Windows/System32:/c/Windows:/c/Windows/System32/wbem:/c/Windows/System32/WindowsPowerShell/v1.0:/c/Program Files/Git/cmd:/c/Windows/System32/OpenSSH:/c/Users/ndany/AppData/Local/Microsoft/WindowsApps:/c/Program Files/Microsoft VS Code/bin:/snap/bin

Yarn version: 
  1.6.0

Node version: 
  10.1.0

Platform: 
  linux x64

Trace: 
  Error: ENOENT: no such file or directory, copyfile '/home/gasst/.cache/yarn/v1/npm-postcss-5.2.18-badfa1497d46244f6390f58b319830d9107853c5/lib/postcss.js' -> '/c/Users/ndany/code/author-website/web/node_modules/postcss-discard-overridden/node_modules/postcss/lib/postcss.js'

npm manifest: 
  {
    "name": "web",
    "version": "1.0.0",
    "description": "My extraordinary Nuxt.js project",
    "author": "Gaston Ndanyuzwe &lt;ndanyuzwe@hotmail.com&gt;",
    "private": true,
    "scripts": {
      "dev": "cross-env NODE_ENV=development nodemon server/index.js --watch server",
      "build": "nuxt build",
      "start": "cross-env NODE_ENV=production node server/index.js",
      "generate": "nuxt generate",
      "lint": "eslint --ext .js,.vue --ignore-path .gitignore .",
      "precommit": "npm run lint"
    },
    "dependencies": {
      "nuxt": "^1.0.0",
      "hapi-nuxt": "^0.6.0",
      "@nuxtjs/axios": "^5.0.0"
    },
    "devDependencies": {
      "cross-env": "^5.0.1",
      "babel-eslint": "^8.2.1",
      "eslint": "^4.15.0",
      "eslint-loader": "^2.0.0",
      "eslint-plugin-vue": "^4.0.0",
      "nodemon": "^1.11.0"
    }
  }

yarn manifest: 
  No manifest

Lockfile: 
  No lockfile
